ERROR:root:Error connecting to the API
Traceback (most recent call last):
  File "C:\Coding\Python\anecdotes_plugin\main.py", line 15, in main
    client = DummyAPIClient(service_url, access_token)
             ^^^^^^^^^^^^^^^^^^^^^^^^^^^^^^^^^^^^^^^^^
  File "C:\Coding\Python\anecdotes_plugin\dummy_class.py", line 41, in __init__
    self.check_connection()
  File "C:\Coding\Python\anecdotes_plugin\dummy_class.py", line 60, in check_connection
    raise InvalidTokenError()
dummy_class.InvalidTokenError: Invalid token provided
ERROR:root:Error connecting to the API
Traceback (most recent call last):
  File "C:\Coding\Python\anecdotes_plugin\main.py", line 15, in main
    client = DummyAPIClient(service_url, access_token)
             ^^^^^^^^^^^^^^^^^^^^^^^^^^^^^^^^^^^^^^^^^
  File "C:\Coding\Python\anecdotes_plugin\dummy_class.py", line 41, in __init__
    self.check_connection()
  File "C:\Coding\Python\anecdotes_plugin\dummy_class.py", line 65, in check_connection
    raise ServerDoesNotRespondError()
dummy_class.ServerDoesNotRespondError: Server does not respond
ERROR:root:Error connecting to the API
Traceback (most recent call last):
  File "C:\Coding\Python\anecdotes_plugin\main.py", line 15, in main
    client = DummyAPIClient(service_url, access_token)
             ^^^^^^^^^^^^^^^^^^^^^^^^^^^^^^^^^^^^^^^^^
  File "C:\Coding\Python\anecdotes_plugin\dummy_class.py", line 41, in __init__
    self.check_connection()
  File "C:\Coding\Python\anecdotes_plugin\dummy_class.py", line 62, in check_connection
    raise MissingTokenError()
dummy_class.MissingTokenError: No token provided
ERROR:root:Error connecting to the API
Traceback (most recent call last):
  File "C:\Coding\Python\anecdotes_plugin\main.py", line 15, in main
    client = DummyAPIClient(service_url, access_token)
             ^^^^^^^^^^^^^^^^^^^^^^^^^^^^^^^^^^^^^^^^^
  File "C:\Coding\Python\anecdotes_plugin\dummy_class.py", line 41, in __init__
    self.check_connection()
  File "C:\Coding\Python\anecdotes_plugin\dummy_class.py", line 60, in check_connection
    raise InvalidTokenError()
dummy_class.InvalidTokenError: Invalid token provided
